<?xml version="1.0" encoding="UTF-8"?>
<!-- Generated by org.testng.reporters.JUnitReportReporter -->
<testsuite hostname="DESKTOP-2K7UCEJ" failures="0" tests="2" name="ZoomInfo.ChatBotTesting.TestRunner" time="93.532" errors="0" timestamp="2023-03-23T01:55:22 IST" skipped="0">
  <testcase classname="ZoomInfo.ChatBotTesting.TestRunner" name="runScenario" time="54.989"/>
  <system-out/>
  <testcase classname="ZoomInfo.ChatBotTesting.TestRunner" name="runScenario" time="38.543"/>
  <system-out/>
</testsuite> <!-- ZoomInfo.ChatBotTesting.TestRunner -->
